TN:
SF:constants.js
FNF:0
FNH:0
DA:1,2
LF:1
LH:1
BRF:0
BRH:0
end_of_record
TN:
SF:controllers\getClosestController.js
FN:17,(anonymous_0)
FNF:1
FNH:1
FNDA:3,(anonymous_0)
DA:8,1
DA:17,1
DA:18,3
DA:19,3
DA:20,1
DA:21,1
DA:24,2
DA:25,2
DA:27,2
DA:28,0
DA:29,0
DA:32,2
DA:33,2
DA:34,2
DA:36,2
DA:37,2
DA:39,2
DA:40,2
DA:41,1
DA:42,1
DA:43,1
DA:44,0
DA:47,2
DA:48,2
LF:24
LH:21
BRDA:19,0,0,1
BRDA:19,0,1,2
BRDA:27,1,0,0
BRDA:27,1,1,2
BRDA:40,2,0,1
BRDA:40,2,1,1
BRDA:43,3,0,0
BRDA:43,3,1,1
BRF:8
BRH:6
end_of_record
TN:
SF:controllers\saveLocationController.js
FN:17,(anonymous_0)
FNF:1
FNH:1
FNDA:3,(anonymous_0)
DA:8,1
DA:17,1
DA:18,3
DA:19,3
DA:20,3
DA:21,1
DA:22,1
DA:24,2
DA:26,2
DA:31,2
DA:32,1
DA:33,1
DA:36,1
DA:47,1
DA:48,0
DA:49,0
DA:51,1
LF:17
LH:15
BRDA:20,0,0,1
BRDA:20,0,1,2
BRDA:31,1,0,1
BRDA:31,1,1,1
BRDA:47,2,0,0
BRDA:47,2,1,1
BRF:6
BRH:5
end_of_record
TN:
SF:controllers\userController.js
FN:19,(anonymous_0)
FN:67,(anonymous_1)
FN:109,(anonymous_2)
FNF:3
FNH:3
FNDA:3,(anonymous_0)
FNDA:3,(anonymous_1)
FNDA:1,(anonymous_2)
DA:9,1
DA:19,1
DA:21,3
DA:22,3
DA:23,1
DA:24,1
DA:27,2
DA:29,2
DA:32,2
DA:33,1
DA:34,1
DA:37,1
DA:40,1
DA:47,1
DA:48,1
DA:52,0
DA:53,0
DA:59,1
DA:67,1
DA:69,3
DA:70,3
DA:71,0
DA:72,0
DA:75,3
DA:77,3
DA:79,3
DA:80,1
DA:81,1
DA:85,2
DA:86,1
DA:96,1
DA:98,1
DA:99,1
DA:109,1
DA:110,1
LF:35
LH:31
BRDA:22,0,0,1
BRDA:22,0,1,2
BRDA:32,1,0,1
BRDA:32,1,1,1
BRDA:47,2,0,1
BRDA:47,2,1,0
BRDA:70,3,0,0
BRDA:70,3,1,3
BRDA:79,4,0,1
BRDA:79,4,1,2
BRDA:85,5,0,1
BRDA:85,5,1,1
BRDA:85,6,0,2
BRDA:85,6,1,2
BRF:14
BRH:12
end_of_record
TN:
SF:middlewares\validateTokenHandler.js
FN:6,(anonymous_0)
FN:15,(anonymous_1)
FNF:2
FNH:2
FNDA:8,(anonymous_0)
FNDA:7,(anonymous_1)
DA:6,2
DA:8,8
DA:9,8
DA:10,1
DA:11,1
DA:13,7
DA:14,7
DA:15,7
DA:16,7
DA:17,0
DA:18,0
DA:20,7
DA:21,7
DA:24,7
DA:25,0
DA:26,0
LF:16
LH:12
BRDA:8,0,0,8
BRDA:8,0,1,1
BRDA:8,0,2,1
BRDA:9,1,0,1
BRDA:9,1,1,7
BRDA:13,2,0,7
BRDA:13,2,1,0
BRDA:13,3,0,7
BRDA:13,3,1,7
BRDA:16,4,0,0
BRDA:16,4,1,7
BRDA:24,5,0,0
BRDA:24,5,1,7
BRF:13
BRH:10
end_of_record
TN:
SF:models\locationSchema.js
FNF:0
FNH:0
DA:3,1
LF:1
LH:1
BRF:0
BRH:0
end_of_record
TN:
SF:models\userSchema.js
FNF:0
FNH:0
DA:3,1
LF:1
LH:1
BRF:0
BRH:0
end_of_record
TN:
SF:services\haversineDistance.js
FN:1,(anonymous_0)
FNF:1
FNH:1
FNDA:2,(anonymous_0)
DA:1,1
DA:3,2
DA:4,2
DA:6,2
DA:7,2
DA:10,2
DA:11,2
DA:14,2
DA:18,2
DA:19,2
DA:20,2
LF:11
LH:11
BRF:0
BRH:0
end_of_record
